2020-02-20 19:23:38,979 INFO: V2版本当前模式[极速模式]
2020-02-20 19:23:39,781 INFO: 校验是否登录[成功]
2020-02-20 19:23:41,191 INFO: 登录账号名称[梦影指尖]
2020-02-20 19:23:41,699 INFO: 清空购物车
2020-02-20 19:23:41,700 INFO: 第1次 
2020-02-20 19:23:42,010 INFO: 检测[0]个口罩有货，[1]个口罩无货，[0]个口罩下柜，耗时[309]ms
2020-02-20 19:23:42,112 INFO: 第2次 
2020-02-20 19:23:42,296 INFO: 检测[0]个口罩有货，[1]个口罩无货，[0]个口罩下柜，耗时[184]ms
2020-02-20 19:23:42,598 INFO: 第3次 
2020-02-20 19:23:42,797 INFO: 检测[0]个口罩有货，[1]个口罩无货，[0]个口罩下柜，耗时[199]ms
2020-02-20 19:23:43,098 INFO: 第4次 
2020-02-20 19:23:43,363 INFO: 检测[0]个口罩有货，[1]个口罩无货，[0]个口罩下柜，耗时[264]ms
2020-02-20 19:23:43,665 INFO: 第5次 
2020-02-20 19:23:43,864 INFO: 检测[0]个口罩有货，[1]个口罩无货，[0]个口罩下柜，耗时[198]ms
2020-02-20 19:23:43,966 INFO: 第6次 
2020-02-20 19:23:44,151 INFO: 检测[0]个口罩有货，[1]个口罩无货，[0]个口罩下柜，耗时[185]ms
2020-02-20 19:23:44,252 INFO: 第7次 
2020-02-20 19:23:44,454 INFO: 检测[0]个口罩有货，[1]个口罩无货，[0]个口罩下柜，耗时[202]ms
2020-02-20 19:23:44,755 INFO: 第8次 
2020-02-20 19:23:45,008 INFO: 检测[0]个口罩有货，[1]个口罩无货，[0]个口罩下柜，耗时[252]ms
2020-02-20 19:23:45,110 INFO: 第9次 
2020-02-20 19:23:45,348 INFO: 检测[0]个口罩有货，[1]个口罩无货，[0]个口罩下柜，耗时[237]ms
2020-02-20 19:23:45,650 INFO: 第10次 
2020-02-20 19:23:45,853 INFO: 检测[0]个口罩有货，[1]个口罩无货，[0]个口罩下柜，耗时[203]ms
2020-02-20 19:23:46,054 INFO: 第11次 
2020-02-20 19:23:46,277 INFO: 检测[0]个口罩有货，[1]个口罩无货，[0]个口罩下柜，耗时[222]ms
2020-02-20 19:23:46,378 INFO: 第12次 
2020-02-20 19:23:46,670 INFO: 检测[0]个口罩有货，[1]个口罩无货，[0]个口罩下柜，耗时[291]ms
2020-02-20 19:23:46,972 INFO: 第13次 
2020-02-20 19:23:47,200 INFO: 检测[0]个口罩有货，[1]个口罩无货，[0]个口罩下柜，耗时[227]ms
2020-02-20 19:23:47,302 INFO: 第14次 
2020-02-20 19:23:47,639 INFO: 检测[0]个口罩有货，[1]个口罩无货，[0]个口罩下柜，耗时[337]ms
2020-02-20 19:24:28,742 INFO: V2版本当前模式[极速模式]
2020-02-20 19:24:30,725 INFO: 校验是否登录[成功]
2020-02-20 19:24:31,005 INFO: 登录账号名称[梦影指尖]
2020-02-20 19:24:33,214 INFO: 清空购物车
2020-02-20 19:24:33,214 INFO: 第1次 
2020-02-20 19:24:34,279 INFO: 检测[0]个口罩有货，[1]个口罩无货，[0]个口罩下柜，耗时[1064]ms
2020-02-20 19:24:34,481 INFO: 第2次 
2020-02-20 19:24:35,021 INFO: 检测[0]个口罩有货，[1]个口罩无货，[0]个口罩下柜，耗时[540]ms
2020-02-20 19:24:35,122 INFO: 第3次 
2020-02-20 19:24:36,275 INFO: 检测[0]个口罩有货，[1]个口罩无货，[0]个口罩下柜，耗时[1153]ms
2020-02-20 19:24:36,376 INFO: 第4次 
2020-02-20 19:24:38,219 INFO: 检测[0]个口罩有货，[1]个口罩无货，[0]个口罩下柜，耗时[1843]ms
2020-02-20 19:24:38,520 INFO: 第5次 
2020-02-20 19:24:39,122 INFO: 检测[0]个口罩有货，[1]个口罩无货，[0]个口罩下柜，耗时[602]ms
2020-02-20 19:24:39,424 INFO: 第6次 
2020-02-20 19:24:39,908 INFO: 检测[0]个口罩有货，[1]个口罩无货，[0]个口罩下柜，耗时[484]ms
2020-02-20 19:24:40,010 INFO: 第7次 
2020-02-20 19:25:30,592 INFO: V2版本当前模式[极速模式]
2020-02-20 19:25:31,179 INFO: 校验是否登录[成功]
2020-02-20 19:25:31,604 INFO: 登录账号名称[梦影指尖]
2020-02-20 19:25:32,131 INFO: 清空购物车
2020-02-20 19:25:32,131 INFO: 第1次 
2020-02-20 19:25:32,354 INFO: 检测[0]个口罩有货，[1]个口罩无货，[0]个口罩下柜，耗时[222]ms
2020-02-20 19:25:32,455 INFO: 第2次 
2020-02-20 19:25:32,690 INFO: 检测[0]个口罩有货，[1]个口罩无货，[0]个口罩下柜，耗时[234]ms
2020-02-20 19:25:32,891 INFO: 第3次 
2020-02-20 19:25:33,110 INFO: 检测[0]个口罩有货，[1]个口罩无货，[0]个口罩下柜，耗时[219]ms
2020-02-20 19:25:33,312 INFO: 第4次 
2020-02-20 19:25:33,541 INFO: 检测[0]个口罩有货，[1]个口罩无货，[0]个口罩下柜，耗时[229]ms
2020-02-20 19:25:33,742 INFO: 第5次 
2020-02-20 19:25:34,018 INFO: 检测[0]个口罩有货，[1]个口罩无货，[0]个口罩下柜，耗时[276]ms
2020-02-20 19:25:34,319 INFO: 第6次 
