2020-02-20 19:07:04,118 INFO: V2版本当前模式[极速模式]
2020-02-20 19:07:04,584 INFO: 校验是否登录[成功]
2020-02-20 19:07:04,991 INFO: 登录账号名称[梦影指尖]
2020-02-20 19:07:05,448 INFO: 清空购物车
2020-02-20 19:07:05,449 INFO: 第1次 
2020-02-20 19:07:05,787 INFO: 检测[1]个口罩有货，[0]个口罩无货，[0]个口罩下柜，耗时[338]ms
2020-02-20 19:07:05,788 INFO: [100011385146]类型口罩有货啦!马上下单
2020-02-20 19:07:06,208 INFO: 100011385146  已成功加入购物车
2020-02-20 19:07:08,587 INFO: 清空购物车
2020-02-20 19:07:08,688 INFO: 第2次 
2020-02-20 19:07:08,964 INFO: 检测[1]个口罩有货，[0]个口罩无货，[0]个口罩下柜，耗时[275]ms
2020-02-20 19:07:08,964 INFO: [100011385146]类型口罩有货啦!马上下单
2020-02-20 19:07:09,251 INFO: 100011385146  已成功加入购物车
2020-02-20 19:07:11,227 INFO: 清空购物车
2020-02-20 19:07:11,528 INFO: 第3次 
2020-02-20 19:07:11,865 INFO: 检测[1]个口罩有货，[0]个口罩无货，[0]个口罩下柜，耗时[336]ms
2020-02-20 19:07:11,866 INFO: [100011385146]类型口罩有货啦!马上下单
2020-02-20 19:07:12,195 INFO: 100011385146  已成功加入购物车
2020-02-20 19:07:14,008 INFO: 清空购物车
2020-02-20 19:07:14,210 INFO: 第4次 
2020-02-20 19:07:14,454 INFO: 检测[1]个口罩有货，[0]个口罩无货，[0]个口罩下柜，耗时[243]ms
2020-02-20 19:07:14,455 INFO: [100011385146]类型口罩有货啦!马上下单
2020-02-20 19:07:14,825 INFO: 100011385146  已成功加入购物车
2020-02-20 19:13:50,503 INFO: V2版本当前模式[极速模式]
2020-02-20 19:13:50,923 INFO: 校验是否登录[成功]
2020-02-20 19:13:51,190 INFO: 登录账号名称[梦影指尖]
2020-02-20 19:13:51,607 INFO: 清空购物车
2020-02-20 19:13:51,607 INFO: 第1次 
2020-02-20 19:13:52,178 INFO: 检测[1]个口罩有货，[0]个口罩无货，[0]个口罩下柜，耗时[571]ms
2020-02-20 19:13:52,179 INFO: [100011385146]类型口罩有货啦!马上下单
2020-02-20 19:13:52,817 INFO: 100011385146  已成功加入购物车
2020-02-20 19:14:02,128 INFO: 清空购物车
2020-02-20 19:14:02,329 INFO: 第2次 
2020-02-20 19:14:03,553 INFO: 检测[1]个口罩有货，[0]个口罩无货，[0]个口罩下柜，耗时[1223]ms
2020-02-20 19:14:03,554 INFO: [100011385146]类型口罩有货啦!马上下单
2020-02-20 19:14:04,150 INFO: 100011385146  已成功加入购物车
2020-02-20 19:14:06,270 INFO: 清空购物车
2020-02-20 19:14:06,571 INFO: 第3次 
2020-02-20 19:14:06,807 INFO: 检测[1]个口罩有货，[0]个口罩无货，[0]个口罩下柜，耗时[235]ms
2020-02-20 19:14:06,807 INFO: [100011385146]类型口罩有货啦!马上下单
2020-02-20 19:14:07,121 INFO: 100011385146  已成功加入购物车
2020-02-20 19:14:08,947 INFO: 清空购物车
2020-02-20 19:14:09,048 INFO: 第4次 
2020-02-20 19:14:09,361 INFO: 检测[1]个口罩有货，[0]个口罩无货，[0]个口罩下柜，耗时[312]ms
2020-02-20 19:14:09,362 INFO: [100011385146]类型口罩有货啦!马上下单
2020-02-20 19:14:09,664 INFO: 100011385146  已成功加入购物车
2020-02-20 19:14:12,727 INFO: 清空购物车
2020-02-20 19:14:12,930 INFO: 第5次 
2020-02-20 19:14:13,208 INFO: 检测[1]个口罩有货，[0]个口罩无货，[0]个口罩下柜，耗时[278]ms
2020-02-20 19:14:13,209 INFO: [100011385146]类型口罩有货啦!马上下单
2020-02-20 19:14:13,682 INFO: 100011385146  已成功加入购物车
