
2020-02-21 20:00:00,009 INFO: 当前是V3版本
2020-02-21 20:00:01,059 INFO: 第【1】次请重新获取cookie
2020-02-21 20:00:06,791 INFO: 第【2】次请重新获取cookie
2020-02-21 20:00:09,003 INFO: V2版本当前模式[极速模式]
2020-02-21 20:00:10,193 INFO: 校验是否登录[失败]
2020-02-21 20:00:10,195 INFO: 请在configDemo.ini文件下更新cookie
2020-02-21 20:00:15,465 INFO: 校验是否登录[失败]
2020-02-21 20:00:15,466 INFO: 请在configDemo.ini文件下更新cookie
2020-02-21 20:00:22,657 INFO: V2版本当前模式[极速模式]
2020-02-21 20:00:23,321 INFO: 校验是否登录[失败]
2020-02-21 20:00:23,322 INFO: 请在configDemo.ini文件下更新cookie
2020-02-21 20:00:30,492 INFO: 校验是否登录[失败]
2020-02-21 20:00:30,493 INFO: 请在configDemo.ini文件下更新cookie
2020-02-21 20:00:58,586 INFO: V2版本当前模式[极速模式]
2020-02-21 20:01:00,295 INFO: 校验是否登录[失败]
2020-02-21 20:01:00,296 INFO: 请在configDemo.ini文件下更新cookie
2020-02-21 20:02:05,333 INFO: V2版本当前模式[极速模式]
2020-02-21 20:02:12,100 INFO: 校验是否登录[失败]
2020-02-21 20:02:12,101 INFO: 请在configDemo.ini文件下更新cookie
2020-02-21 20:02:52,078 INFO: V2版本当前模式[极速模式]
2020-02-21 20:02:52,565 INFO: 校验是否登录[失败]
2020-02-21 20:02:52,566 INFO: 请在configDemo.ini文件下更新cookie
2020-02-21 20:02:57,688 INFO: 校验是否登录[失败]
2020-02-21 20:02:57,689 INFO: 请在configDemo.ini文件下更新cookie
2020-02-21 20:05:10,619 INFO: V2版本当前模式[极速模式]
2020-02-21 20:05:11,394 INFO: 校验是否登录[成功]
2020-02-21 20:05:11,684 INFO: 登录账号名称[梦影指尖]
2020-02-21 20:05:12,532 INFO: 清空购物车
2020-02-21 20:05:12,536 INFO: 第1次 
2020-02-21 20:05:12,868 INFO: 检测[0]个口罩有货，[1]个口罩无货，[0]个口罩下柜，耗时[331]ms
2020-02-21 20:05:13,078 INFO: 第2次 
2020-02-21 20:05:13,388 INFO: 检测[0]个口罩有货，[1]个口罩无货，[0]个口罩下柜，耗时[306]ms
2020-02-21 20:05:13,696 INFO: 第3次 
2020-02-21 20:05:14,340 INFO: 检测[0]个口罩有货，[1]个口罩无货，[0]个口罩下柜，耗时[643]ms
2020-02-21 20:05:14,444 INFO: 第4次 
2020-02-21 20:05:14,764 INFO: 检测[0]个口罩有货，[1]个口罩无货，[0]个口罩下柜，耗时[317]ms
2020-02-21 20:05:14,870 INFO: 第5次 
2020-02-21 20:05:15,519 INFO: 检测[0]个口罩有货，[1]个口罩无货，[0]个口罩下柜，耗时[646]ms
2020-02-21 20:05:15,621 INFO: 第6次 
2020-02-21 20:05:16,236 INFO: 检测[0]个口罩有货，[1]个口罩无货，[0]个口罩下柜，耗时[611]ms
2020-02-21 20:05:16,439 INFO: 第7次 
2020-02-21 20:05:16,639 INFO: 检测[0]个口罩有货，[1]个口罩无货，[0]个口罩下柜，耗时[198]ms
2020-02-21 20:05:16,949 INFO: 第8次 
2020-02-21 20:05:17,329 INFO: 检测[0]个口罩有货，[1]个口罩无货，[0]个口罩下柜，耗时[376]ms
2020-02-21 20:05:17,634 INFO: 第9次 
2020-02-21 20:05:17,839 INFO: 检测[0]个口罩有货，[1]个口罩无货，[0]个口罩下柜，耗时[204]ms
2020-02-21 20:05:18,143 INFO: 第10次 
2020-02-21 20:05:18,337 INFO: 检测[0]个口罩有货，[1]个口罩无货，[0]个口罩下柜，耗时[191]ms
2020-02-21 20:05:18,440 INFO: 第11次 
2020-02-21 20:05:18,668 INFO: 检测[0]个口罩有货，[1]个口罩无货，[0]个口罩下柜，耗时[225]ms
2020-02-21 20:05:18,978 INFO: 第12次 
2020-02-21 20:05:19,786 INFO: 检测[0]个口罩有货，[1]个口罩无货，[0]个口罩下柜，耗时[805]ms
2020-02-21 20:05:19,989 INFO: 第13次 
2020-02-21 20:05:20,445 INFO: 检测[0]个口罩有货，[1]个口罩无货，[0]个口罩下柜，耗时[453]ms
2020-02-21 20:05:20,752 INFO: 第14次 
2020-02-21 20:05:21,102 INFO: 检测[0]个口罩有货，[1]个口罩无货，[0]个口罩下柜，耗时[350]ms
2020-02-21 20:13:47,709 INFO: V2版本当前模式[极速模式]
2020-02-21 20:13:50,487 INFO: 校验是否登录[成功]
2020-02-21 20:13:51,846 INFO: 登录账号名称[梦影指尖]
2020-02-21 20:13:53,510 INFO: 清空购物车
2020-02-21 20:13:53,513 INFO: 第1次 
2020-02-21 20:13:55,680 INFO: 检测[1]个口罩有货，[1]个口罩无货，[0]个口罩下柜，耗时[2167]ms
2020-02-21 20:13:55,684 INFO: [100011462830]类型口罩有货啦!马上下单
2020-02-21 20:13:57,172 INFO: 100011462830  已成功加入购物车
2020-02-21 20:14:22,516 ERROR: 订单结算页面获取异常：Exceeded 30 redirects.
2020-02-21 20:14:30,512 INFO: 清空购物车
2020-02-21 20:14:30,816 INFO: 第2次 
2020-02-21 20:14:31,582 INFO: 检测[1]个口罩有货，[1]个口罩无货，[0]个口罩下柜，耗时[765]ms
2020-02-21 20:14:31,591 INFO: [100011462830]类型口罩有货啦!马上下单
2020-02-21 20:14:32,225 INFO: 100011462830  已成功加入购物车
2020-02-21 20:16:48,440 INFO: V2版本当前模式[极速模式]
2020-02-21 20:16:49,844 INFO: 校验是否登录[成功]
2020-02-21 20:16:51,315 INFO: 登录账号名称[梦影指尖]
2020-02-21 20:16:52,792 INFO: 清空购物车
2020-02-21 20:16:52,794 INFO: 第1次 
2020-02-21 20:16:53,212 INFO: 检测[1]个口罩有货，[1]个口罩无货，[0]个口罩下柜，耗时[418]ms
2020-02-21 20:16:53,214 INFO: [100011462830]类型口罩有货啦!马上下单
2020-02-21 20:16:54,072 INFO: 100011462830  已成功加入购物车
2020-02-21 23:00:15,094 INFO: V2版本当前模式[极速模式]
2020-02-21 23:00:15,452 INFO: 校验是否登录[成功]
2020-02-21 23:00:15,657 INFO: 登录账号名称[梦影指尖]
2020-02-21 23:00:15,952 INFO: 清空购物车
2020-02-21 23:00:15,956 INFO: 第1次 
2020-02-21 23:00:16,163 INFO: 检测[2]个口罩有货，[0]个口罩无货，[0]个口罩下柜，耗时[206]ms
2020-02-21 23:00:16,167 INFO: [100011462830]类型口罩有货啦!马上下单
2020-02-21 23:00:16,360 INFO: 100011462830  已成功加入购物车
2020-02-21 23:00:18,572 INFO: 清空购物车
2020-02-21 23:00:18,573 INFO: [100011385146]类型口罩有货啦!马上下单
2020-02-21 23:00:18,768 INFO: 100011385146  已成功加入购物车
2020-02-21 23:00:20,128 INFO: 清空购物车
2020-02-21 23:00:20,232 INFO: 第2次 
2020-02-21 23:00:20,415 INFO: 检测[2]个口罩有货，[0]个口罩无货，[0]个口罩下柜，耗时[179]ms
2020-02-21 23:00:20,425 INFO: [100011385146]类型口罩有货啦!马上下单
2020-02-21 23:00:20,650 INFO: 100011385146  已成功加入购物车
2020-02-21 23:00:23,712 INFO: 清空购物车
2020-02-21 23:00:23,716 INFO: [100011462830]类型口罩有货啦!马上下单
2020-02-21 23:00:23,899 INFO: 100011462830  已成功加入购物车
2020-02-21 23:00:25,237 INFO: 清空购物车
2020-02-21 23:00:25,541 INFO: 第3次 
2020-02-21 23:00:25,720 INFO: 检测[2]个口罩有货，[0]个口罩无货，[0]个口罩下柜，耗时[176]ms
2020-02-21 23:00:25,722 INFO: [100011385146]类型口罩有货啦!马上下单
2020-02-21 23:00:25,934 INFO: 100011385146  已成功加入购物车
2020-03-12 17:28:53,654 INFO: V2版本当前模式[极速模式]
2020-03-12 17:28:54,449 INFO: 校验是否登录[成功]
2020-03-12 17:28:54,652 INFO: 登录账号名称[梦影指尖]
2020-03-12 17:28:54,916 INFO: 清空购物车
2020-03-12 17:28:54,917 INFO: 第1次 
2020-03-12 17:28:55,089 INFO: 检测[2]个口罩有货，[0]个口罩无货，[0]个口罩下柜，耗时[171]ms
2020-03-12 17:28:55,094 INFO: [100011551632]类型口罩有货啦!马上下单
2020-03-12 17:28:55,326 INFO: 100011551632  已成功加入购物车
2020-03-12 17:29:00,012 INFO: 清空购物车
2020-03-12 17:29:00,014 INFO: [100006394713]类型口罩有货啦!马上下单
2020-03-12 17:29:00,198 INFO: 100006394713  已成功加入购物车
2020-03-12 17:29:01,759 INFO: 清空购物车
2020-03-12 17:29:01,961 INFO: 第2次 
2020-03-12 17:29:05,439 INFO: V2版本当前模式[极速模式]
2020-03-12 17:29:06,018 INFO: 校验是否登录[成功]
2020-03-12 17:29:06,217 INFO: 登录账号名称[梦影指尖]
2020-03-12 17:29:06,593 INFO: 清空购物车
2020-03-12 17:29:06,594 INFO: 第1次 
2020-03-12 17:29:06,851 INFO: 检测[2]个口罩有货，[0]个口罩无货，[0]个口罩下柜，耗时[253]ms
2020-03-12 17:29:06,953 INFO: [100011551632]类型口罩有货啦!马上下单
2020-03-12 17:30:05,653 INFO: 当前是V3版本
2020-03-12 17:30:06,041 INFO: 登录成功
2020-03-12 17:30:06,237 INFO: 登录账号名称梦影指尖
2020-03-12 17:30:06,591 INFO: 清空购物车
2020-03-12 17:30:06,738 INFO: 100011551632  已成功加入购物车
2020-03-12 17:30:06,739 INFO: 第1次 
2020-03-12 17:30:06,934 INFO: 检测[1]个口罩有货，[0]个口罩无货，[0]个口罩下柜，耗时[191]ms
2020-03-12 17:30:06,936 INFO: [100011551632]类型口罩有货啦!马上下单
2020-03-12 17:32:12,309 INFO: 当前是V3版本
2020-03-12 17:32:12,728 INFO: 登录成功
2020-03-12 17:32:12,930 INFO: 登录账号名称梦影指尖
2020-03-12 17:32:13,433 INFO: 清空购物车
2020-03-12 17:32:13,610 INFO: 100011551632  已成功加入购物车
2020-03-12 17:32:13,612 INFO: 第1次 
2020-03-12 17:32:13,823 INFO: 检测[1]个口罩有货，[0]个口罩无货，[0]个口罩下柜，耗时[211]ms
2020-03-12 17:32:13,825 INFO: [100011551632]类型口罩有货啦!马上下单
2020-03-12 17:32:16,022 INFO: 第2次 
2020-03-12 17:32:16,187 INFO: 检测[1]个口罩有货，[0]个口罩无货，[0]个口罩下柜，耗时[163]ms
2020-03-12 17:32:16,190 INFO: [100011551632]类型口罩有货啦!马上下单
2020-03-12 17:32:18,028 INFO: 第3次 
2020-03-12 17:32:18,190 INFO: 检测[1]个口罩有货，[0]个口罩无货，[0]个口罩下柜，耗时[160]ms
2020-03-12 17:32:18,193 INFO: [100011551632]类型口罩有货啦!马上下单
2020-03-12 17:32:20,445 INFO: 第4次 
2020-03-12 17:32:20,790 INFO: 检测[1]个口罩有货，[0]个口罩无货，[0]个口罩下柜，耗时[344]ms
2020-03-12 17:32:20,792 INFO: [100011551632]类型口罩有货啦!马上下单
2020-03-12 17:32:22,352 INFO: 第5次 
2020-03-12 17:32:22,514 INFO: 检测[1]个口罩有货，[0]个口罩无货，[0]个口罩下柜，耗时[160]ms
2020-03-12 17:32:22,517 INFO: [100011551632]类型口罩有货啦!马上下单
2020-03-12 19:46:50,751 INFO: 当前是V3版本
2020-03-12 19:46:56,421 INFO: 登录成功
2020-03-12 19:46:58,043 INFO: 登录账号名称梦影指尖
2020-03-12 19:46:59,998 INFO: 清空购物车
2020-03-12 19:47:00,706 INFO: 100011551632  已成功加入购物车
2020-03-12 19:47:00,707 INFO: 第1次 
2020-03-12 19:47:01,092 INFO: 检测[1]个口罩有货，[0]个口罩无货，[0]个口罩下柜，耗时[384]ms
2020-03-12 19:47:01,095 INFO: [100011551632]类型口罩有货啦!马上下单
2020-03-12 19:47:07,603 INFO: 第2次 
2020-03-12 19:47:07,909 INFO: 检测[1]个口罩有货，[0]个口罩无货，[0]个口罩下柜，耗时[305]ms
2020-03-12 19:47:07,911 INFO: [100011551632]类型口罩有货啦!马上下单
2020-03-12 19:47:10,312 INFO: 第3次 
2020-03-12 19:47:10,567 INFO: 检测[1]个口罩有货，[0]个口罩无货，[0]个口罩下柜，耗时[254]ms
2020-03-12 19:47:10,570 INFO: [100011551632]类型口罩有货啦!马上下单
2020-03-12 19:57:02,359 INFO: 当前是V3版本
2020-03-12 19:57:03,137 INFO: 登录成功
2020-03-12 19:57:03,408 INFO: 登录账号名称梦影指尖
2020-03-12 19:57:03,923 INFO: 清空购物车
2020-03-12 19:57:05,227 ERROR: 100011551632 添加到购物车失败
2020-03-12 19:57:05,227 INFO: 第1次 
2020-03-12 19:57:05,475 INFO: 检测[1]个口罩有货，[0]个口罩无货，[0]个口罩下柜，耗时[240]ms
2020-03-12 19:57:05,478 INFO: [100011551632]类型口罩有货啦!马上下单
2020-03-12 19:59:24,819 INFO: 当前是V3版本
2020-03-12 19:59:25,544 INFO: 登录成功
2020-03-12 19:59:25,822 INFO: 登录账号名称梦影指尖
2020-03-12 19:59:26,361 INFO: 清空购物车
2020-03-12 19:59:27,779 ERROR: 100011551632 添加到购物车失败
2020-03-12 19:59:27,781 INFO: 第1次 
2020-03-12 19:59:28,123 INFO: 检测[1]个口罩有货，[0]个口罩无货，[0]个口罩下柜，耗时[342]ms
2020-03-12 19:59:28,123 INFO: [100011551632]类型口罩有货啦!马上下单
2020-03-12 19:59:30,776 INFO: 第2次 
2020-03-12 19:59:31,027 INFO: 检测[1]个口罩有货，[0]个口罩无货，[0]个口罩下柜，耗时[249]ms
2020-03-12 19:59:31,030 INFO: [100011551632]类型口罩有货啦!马上下单
2020-03-12 19:59:37,691 INFO: 第3次 
2020-03-12 19:59:38,017 INFO: 检测[1]个口罩有货，[0]个口罩无货，[0]个口罩下柜，耗时[325]ms
2020-03-12 19:59:38,020 INFO: [100011551632]类型口罩有货啦!马上下单
2020-03-12 19:59:39,840 INFO: 第4次 
2020-03-12 19:59:40,137 INFO: 检测[1]个口罩有货，[0]个口罩无货，[0]个口罩下柜，耗时[294]ms
2020-03-12 19:59:40,141 INFO: [100011551632]类型口罩有货啦!马上下单
2020-03-12 19:59:56,318 INFO: 当前是V3版本
2020-03-12 19:59:57,194 INFO: 登录成功
2020-03-12 19:59:57,535 INFO: 登录账号名称梦影指尖
2020-03-12 19:59:58,385 INFO: 清空购物车
2020-03-12 19:59:59,724 ERROR: 100011551632 添加到购物车失败
2020-03-12 19:59:59,725 INFO: 第1次 
2020-03-12 20:00:00,046 INFO: 检测[1]个口罩有货，[0]个口罩无货，[0]个口罩下柜，耗时[320]ms
2020-03-12 20:00:00,046 INFO: [100011551632]类型口罩有货啦!马上下单
2020-03-12 20:00:03,413 INFO: 第2次 
2020-03-12 20:00:03,703 INFO: 检测[1]个口罩有货，[0]个口罩无货，[0]个口罩下柜，耗时[289]ms
2020-03-12 20:00:03,707 INFO: [100011551632]类型口罩有货啦!马上下单
2020-03-12 20:00:09,858 INFO: 第3次 
2020-03-12 20:00:10,104 INFO: 检测[1]个口罩有货，[0]个口罩无货，[0]个口罩下柜，耗时[245]ms
2020-03-12 20:00:10,106 INFO: [100011551632]类型口罩有货啦!马上下单
2020-03-12 20:00:13,034 INFO: 第4次 
2020-03-12 20:00:13,432 INFO: 检测[1]个口罩有货，[0]个口罩无货，[0]个口罩下柜，耗时[395]ms
2020-03-12 20:00:13,436 INFO: [100011551632]类型口罩有货啦!马上下单
2020-03-12 20:00:16,219 INFO: 第5次 
2020-03-12 20:00:16,465 INFO: 检测[1]个口罩有货，[0]个口罩无货，[0]个口罩下柜，耗时[245]ms
2020-03-12 20:00:16,468 INFO: [100011551632]类型口罩有货啦!马上下单
2020-03-12 20:00:20,168 INFO: 第6次 
2020-03-12 20:00:20,433 INFO: 检测[1]个口罩有货，[0]个口罩无货，[0]个口罩下柜，耗时[263]ms
2020-03-12 20:00:20,436 INFO: [100011551632]类型口罩有货啦!马上下单
2020-03-12 20:00:22,782 INFO: 第7次 
2020-03-12 20:00:23,032 INFO: 检测[1]个口罩有货，[0]个口罩无货，[0]个口罩下柜，耗时[248]ms
2020-03-12 20:00:23,034 INFO: [100011551632]类型口罩有货啦!马上下单
2020-03-12 20:00:25,293 INFO: 第8次 
2020-03-12 20:00:25,559 INFO: 检测[1]个口罩有货，[0]个口罩无货，[0]个口罩下柜，耗时[264]ms
2020-03-12 20:00:25,562 INFO: [100011551632]类型口罩有货啦!马上下单
2020-03-12 20:00:28,083 INFO: 第9次 
2020-03-12 20:00:28,326 INFO: 检测[1]个口罩有货，[0]个口罩无货，[0]个口罩下柜，耗时[240]ms
2020-03-12 20:00:28,330 INFO: [100011551632]类型口罩有货啦!马上下单
2020-03-12 20:00:31,061 INFO: 第10次 
2020-03-12 20:00:31,316 INFO: 检测[1]个口罩有货，[0]个口罩无货，[0]个口罩下柜，耗时[254]ms
2020-03-12 20:00:31,319 INFO: [100011551632]类型口罩有货啦!马上下单
2020-03-12 20:00:33,798 INFO: 第11次 
2020-03-12 20:00:34,074 INFO: 检测[1]个口罩有货，[0]个口罩无货，[0]个口罩下柜，耗时[275]ms
2020-03-12 20:00:34,079 INFO: [100011551632]类型口罩有货啦!马上下单
2020-03-12 20:00:36,528 INFO: 第12次 
2020-03-12 20:00:36,810 INFO: 检测[1]个口罩有货，[0]个口罩无货，[0]个口罩下柜，耗时[281]ms
2020-03-12 20:00:36,814 INFO: [100011551632]类型口罩有货啦!马上下单
2020-03-12 20:00:38,835 INFO: 第13次 
2020-03-12 20:00:39,096 INFO: 检测[1]个口罩有货，[0]个口罩无货，[0]个口罩下柜，耗时[259]ms
2020-03-12 20:00:39,099 INFO: [100011551632]类型口罩有货啦!马上下单
2020-03-12 20:00:41,030 INFO: 第14次 
2020-03-12 20:00:41,477 INFO: 检测[1]个口罩有货，[0]个口罩无货，[0]个口罩下柜，耗时[445]ms
2020-03-12 20:00:41,479 INFO: [100011551632]类型口罩有货啦!马上下单
2020-03-12 20:00:43,500 INFO: 第15次 
2020-03-12 20:00:43,944 INFO: 检测[1]个口罩有货，[0]个口罩无货，[0]个口罩下柜，耗时[442]ms
2020-03-12 20:00:43,949 INFO: [100011551632]类型口罩有货啦!马上下单
2020-03-12 20:00:46,812 INFO: 第16次 
2020-03-12 20:00:47,049 INFO: 检测[1]个口罩有货，[0]个口罩无货，[0]个口罩下柜，耗时[236]ms
2020-03-12 20:00:47,052 INFO: [100011551632]类型口罩有货啦!马上下单
2020-03-12 20:00:48,836 INFO: 第17次 
2020-03-12 20:00:49,201 INFO: 检测[1]个口罩有货，[0]个口罩无货，[0]个口罩下柜，耗时[364]ms
2020-03-12 20:00:49,205 INFO: [100011551632]类型口罩有货啦!马上下单
2020-03-12 20:00:51,430 INFO: 第18次 
2020-03-12 20:00:51,772 INFO: 检测[1]个口罩有货，[0]个口罩无货，[0]个口罩下柜，耗时[341]ms
2020-03-12 20:00:51,774 INFO: [100011551632]类型口罩有货啦!马上下单
2020-03-12 20:00:55,226 INFO: 第19次 
2020-03-12 20:00:55,515 INFO: 检测[1]个口罩有货，[0]个口罩无货，[0]个口罩下柜，耗时[287]ms
2020-03-12 20:00:55,518 INFO: [100011551632]类型口罩有货啦!马上下单
2020-03-12 20:00:57,992 INFO: 第20次 
2020-03-12 20:00:58,253 INFO: 检测[1]个口罩有货，[0]个口罩无货，[0]个口罩下柜，耗时[259]ms
2020-03-12 20:00:58,255 INFO: [100011551632]类型口罩有货啦!马上下单
2020-03-12 20:01:00,334 INFO: 第21次 
2020-03-12 20:01:01,231 INFO: 检测[1]个口罩有货，[0]个口罩无货，[0]个口罩下柜，耗时[896]ms
2020-03-12 20:01:01,234 INFO: [100011551632]类型口罩有货啦!马上下单
2020-03-18 11:37:12,730 INFO: 当前是V3版本
2020-03-18 11:37:13,092 INFO: 第【1】次请重新获取cookie
2020-03-18 11:37:18,526 INFO: 第【2】次请重新获取cookie
2020-03-18 11:37:55,665 INFO: 当前是V3版本
2020-03-18 11:37:55,924 INFO: 第【1】次请重新获取cookie
2020-03-18 11:38:01,196 INFO: 第【2】次请重新获取cookie
2020-03-18 11:38:06,464 INFO: V2版本当前模式[极速模式]
2020-03-18 11:38:07,230 INFO: 校验是否登录[失败]
2020-03-18 11:38:07,231 INFO: 请在configDemo.ini文件下更新cookie
2020-03-18 11:39:17,062 INFO: 当前是V3版本
2020-03-18 11:39:17,316 INFO: 第【1】次请重新获取cookie
2020-03-18 11:39:23,991 INFO: 第【2】次请重新获取cookie
2020-03-18 11:40:20,864 INFO: 当前是V3版本
2020-03-18 11:40:21,218 INFO: 第【1】次请重新获取cookie
2020-03-18 11:42:50,261 INFO: 当前是V3版本
2020-03-18 11:42:50,536 INFO: 第【1】次请重新获取cookie
2020-03-18 11:42:55,806 INFO: 第【2】次请重新获取cookie
2020-03-18 12:02:37,361 INFO: 当前是V3版本
2020-03-18 12:02:38,070 INFO: 登录成功
2020-03-18 12:02:38,285 INFO: 登录账号名称梦影指尖
2020-03-18 12:02:38,574 INFO: 清空购物车
2020-03-18 12:02:38,751 INFO: 100011551632  已成功加入购物车
2020-03-18 12:02:38,754 INFO: 第1次 
2020-03-18 12:02:38,909 INFO: 检测[1]个口罩有货，[0]个口罩无货，[0]个口罩下柜，耗时[155]ms
2020-03-18 12:02:38,917 INFO: [100011551632]类型口罩有货啦!马上下单
2020-03-18 12:07:09,768 INFO: 当前是V3版本
2020-03-18 12:07:10,596 INFO: 登录成功
2020-03-18 12:07:10,981 INFO: 登录账号名称梦影指尖
2020-03-18 12:07:13,465 INFO: 清空购物车
2020-03-18 12:07:14,033 INFO: 100011551632  已成功加入购物车
2020-03-18 12:07:14,034 INFO: 第1次 
2020-03-18 12:07:14,294 INFO: 检测[1]个口罩有货，[0]个口罩无货，[0]个口罩下柜，耗时[260]ms
2020-03-18 12:07:14,296 INFO: [100011551632]类型口罩有货啦!马上下单
2020-03-18 19:44:12,996 INFO: 当前是V3版本
2020-03-18 19:44:13,503 INFO: 登录成功
2020-03-18 19:44:13,714 INFO: 登录账号名称梦影指尖
2020-03-18 19:44:14,025 INFO: 清空购物车
2020-03-18 19:44:14,237 INFO: 100011551632  已成功加入购物车
2020-03-18 19:44:14,239 INFO: 第1次 
2020-03-18 19:44:14,407 INFO: 检测[1]个口罩有货，[0]个口罩无货，[0]个口罩下柜，耗时[167]ms
2020-03-18 19:44:14,416 INFO: [100011551632]类型口罩有货啦!马上下单
2020-03-18 19:59:32,462 INFO: 当前是V3版本
2020-03-18 19:59:32,969 INFO: 登录成功
2020-03-18 19:59:33,226 INFO: 登录账号名称梦影指尖
2020-03-18 19:59:33,602 INFO: 清空购物车
2020-03-18 19:59:34,226 ERROR: 100011551632 添加到购物车失败
2020-03-18 19:59:34,229 INFO: 第1次 
2020-03-18 19:59:34,387 INFO: 检测[1]个口罩有货，[0]个口罩无货，[0]个口罩下柜，耗时[158]ms
2020-03-18 19:59:34,394 INFO: [100011551632]类型口罩有货啦!马上下单
2020-03-18 19:59:38,896 INFO: 第2次 
2020-03-18 19:59:39,097 INFO: 检测[1]个口罩有货，[0]个口罩无货，[0]个口罩下柜，耗时[196]ms
2020-03-18 19:59:39,105 INFO: [100011551632]类型口罩有货啦!马上下单
2020-03-18 19:59:42,290 INFO: 第3次 
2020-03-18 19:59:42,686 INFO: 检测[1]个口罩有货，[0]个口罩无货，[0]个口罩下柜，耗时[393]ms
2020-03-18 19:59:42,692 INFO: [100011551632]类型口罩有货啦!马上下单
2020-03-18 19:59:45,482 INFO: 第4次 
2020-03-18 19:59:45,661 INFO: 检测[1]个口罩有货，[0]个口罩无货，[0]个口罩下柜，耗时[176]ms
2020-03-18 19:59:45,664 INFO: [100011551632]类型口罩有货啦!马上下单
2020-03-18 19:59:49,001 INFO: 第5次 
2020-03-18 19:59:49,178 INFO: 检测[1]个口罩有货，[0]个口罩无货，[0]个口罩下柜，耗时[176]ms
2020-03-18 19:59:49,182 INFO: [100011551632]类型口罩有货啦!马上下单
2020-03-18 19:59:52,975 INFO: 第6次 
2020-03-18 19:59:53,175 INFO: 检测[1]个口罩有货，[0]个口罩无货，[0]个口罩下柜，耗时[197]ms
2020-03-18 19:59:53,179 INFO: [100011551632]类型口罩有货啦!马上下单
2020-03-18 19:59:56,982 INFO: 第7次 
2020-03-18 19:59:57,393 INFO: 检测[1]个口罩有货，[0]个口罩无货，[0]个口罩下柜，耗时[410]ms
2020-03-18 19:59:57,395 INFO: [100011551632]类型口罩有货啦!马上下单
2020-03-18 20:00:01,962 INFO: 第8次 
2020-03-18 20:00:02,217 INFO: 检测[1]个口罩有货，[0]个口罩无货，[0]个口罩下柜，耗时[250]ms
2020-03-18 20:00:02,219 INFO: [100011551632]类型口罩有货啦!马上下单
2020-03-18 20:00:06,565 INFO: 第9次 
2020-03-18 20:00:06,833 INFO: 检测[1]个口罩有货，[0]个口罩无货，[0]个口罩下柜，耗时[267]ms
2020-03-18 20:00:06,836 INFO: [100011551632]类型口罩有货啦!马上下单
2020-03-18 20:00:11,597 INFO: 第10次 
2020-03-18 20:00:11,765 INFO: 检测[1]个口罩有货，[0]个口罩无货，[0]个口罩下柜，耗时[167]ms
2020-03-18 20:00:11,769 INFO: [100011551632]类型口罩有货啦!马上下单
2020-03-18 20:00:15,506 INFO: 第11次 
2020-03-18 20:00:15,695 INFO: 检测[1]个口罩有货，[0]个口罩无货，[0]个口罩下柜，耗时[188]ms
2020-03-18 20:00:15,697 INFO: [100011551632]类型口罩有货啦!马上下单
2020-03-18 20:00:19,200 INFO: 第12次 
2020-03-18 20:00:19,461 INFO: 检测[1]个口罩有货，[0]个口罩无货，[0]个口罩下柜，耗时[260]ms
2020-03-18 20:00:19,470 INFO: [100011551632]类型口罩有货啦!马上下单
2020-03-18 20:00:22,831 INFO: 第13次 
2020-03-18 20:00:23,020 INFO: 检测[1]个口罩有货，[0]个口罩无货，[0]个口罩下柜，耗时[186]ms
2020-03-18 20:00:23,025 INFO: [100011551632]类型口罩有货啦!马上下单
2020-03-18 20:00:26,249 INFO: 第14次 
2020-03-18 20:00:26,475 INFO: 检测[1]个口罩有货，[0]个口罩无货，[0]个口罩下柜，耗时[222]ms
2020-03-18 20:00:26,480 INFO: [100011551632]类型口罩有货啦!马上下单
2020-03-18 20:00:29,374 INFO: 第15次 
2020-03-18 20:00:29,548 INFO: 检测[1]个口罩有货，[0]个口罩无货，[0]个口罩下柜，耗时[172]ms
2020-03-18 20:00:29,553 INFO: [100011551632]类型口罩有货啦!马上下单
2020-03-18 20:00:32,167 INFO: 第16次 
2020-03-18 20:00:32,703 INFO: 检测[1]个口罩有货，[0]个口罩无货，[0]个口罩下柜，耗时[533]ms
2020-03-18 20:00:32,706 INFO: [100011551632]类型口罩有货啦!马上下单
2020-03-18 20:00:35,047 INFO: 第17次 
2020-03-18 20:00:35,224 INFO: 检测[1]个口罩有货，[0]个口罩无货，[0]个口罩下柜，耗时[176]ms
2020-03-18 20:00:35,226 INFO: [100011551632]类型口罩有货啦!马上下单
2020-03-18 20:00:37,329 INFO: 第18次 
2020-03-18 20:00:37,493 INFO: 检测[1]个口罩有货，[0]个口罩无货，[0]个口罩下柜，耗时[163]ms
2020-03-18 20:00:37,496 INFO: [100011551632]类型口罩有货啦!马上下单
2020-03-18 20:00:39,635 INFO: 第19次 
2020-03-18 20:00:39,777 INFO: 检测[1]个口罩有货，[0]个口罩无货，[0]个口罩下柜，耗时[141]ms
2020-03-18 20:00:39,779 INFO: [100011551632]类型口罩有货啦!马上下单
2020-03-18 20:00:40,348 INFO: 下单信息：{'address': '广东 佛山市 南海区 里水镇  里水镇州村市场真实惠超市门口', 'receiver': '吴华超 186****1226', 'total_price': '26.00', 'items': []}
2020-03-18 20:00:40,356 INFO: 第[1/3]次尝试提交订单
2020-03-18 20:00:40,421 INFO: 本次提交订单耗时[642]毫秒
2020-03-18 20:00:40,422 INFO: 订单提交失败, 错误码：600126, 返回信息：抱歉，3Q医用口罩 透气轻薄成人3层医用一次性口罩 1袋10只正在参与抢购活动，请重新回到商品详情页，使用“立即抢购”进行购买
2020-03-18 20:00:40,424 INFO: {'overSea': False, 'orderXml': None, 'cartXml': None, 'noStockSkuIds': '', 'reqInfo': None, 'hasJxj': False, 'addedServiceList': None, 'sign': None, 'pin': 'jd_4e2baaae344d8', 'needCheckCode': False, 'success': False, 'resultCode': 600126, 'orderId': 0, 'submitSkuNum': 0, 'deductMoneyFlag': 0, 'goJumpOrderCenter': False, 'payInfo': None, 'scaleSkuInfoListVO': None, 'purchaseSkuInfoListVO': None, 'noSupportHomeServiceSkuList': None, 'msgMobile': None, 'addressVO': None, 'msgUuid': None, 'message': '抱歉，3Q医用口罩 透气轻薄成人3层医用一次性口罩 1袋10只正在参与抢购活动，请重新回到商品详情页，使用“立即抢购”进行购买'}
2020-03-18 20:00:42,131 INFO: 第20次 
2020-03-18 20:00:42,290 INFO: 检测[1]个口罩有货，[0]个口罩无货，[0]个口罩下柜，耗时[156]ms
2020-03-18 20:00:42,297 INFO: [100011551632]类型口罩有货啦!马上下单
2020-03-18 20:00:42,853 INFO: 下单信息：{'address': '广东 佛山市 南海区 里水镇  里水镇州村市场真实惠超市门口', 'receiver': '吴华超 186****1226', 'total_price': '26.00', 'items': []}
2020-03-18 20:00:42,862 INFO: 第[1/3]次尝试提交订单
2020-03-18 20:00:42,917 INFO: 本次提交订单耗时[620]毫秒
2020-03-18 20:00:42,918 INFO: 订单提交失败, 错误码：60017, 返回信息：您多次提交过快，请稍后再试
2020-03-18 20:00:42,919 INFO: {'overSea': False, 'orderXml': None, 'cartXml': None, 'noStockSkuIds': '', 'reqInfo': None, 'hasJxj': False, 'addedServiceList': None, 'sign': None, 'pin': 'jd_4e2baaae344d8', 'needCheckCode': False, 'success': False, 'resultCode': 60017, 'orderId': 0, 'submitSkuNum': 0, 'deductMoneyFlag': 0, 'goJumpOrderCenter': False, 'payInfo': None, 'scaleSkuInfoListVO': None, 'purchaseSkuInfoListVO': None, 'noSupportHomeServiceSkuList': None, 'msgMobile': None, 'addressVO': None, 'msgUuid': None, 'message': '您多次提交过快，请稍后再试'}
2020-03-18 20:00:45,508 INFO: 第21次 
2020-03-18 20:00:45,683 INFO: 检测[1]个口罩有货，[0]个口罩无货，[0]个口罩下柜，耗时[173]ms
2020-03-18 20:00:45,686 INFO: [100011551632]类型口罩有货啦!马上下单
2020-03-18 20:00:46,312 INFO: 下单信息：{'address': '广东 佛山市 南海区 里水镇  里水镇州村市场真实惠超市门口', 'receiver': '吴华超 186****1226', 'total_price': '26.00', 'items': []}
2020-03-18 20:00:46,320 INFO: 第[1/3]次尝试提交订单
2020-03-18 20:00:46,410 INFO: 本次提交订单耗时[724]毫秒
2020-03-18 20:00:46,412 INFO: 订单提交失败, 错误码：600126, 返回信息：抱歉，3Q医用口罩 透气轻薄成人3层医用一次性口罩 1袋10只正在参与抢购活动，请重新回到商品详情页，使用“立即抢购”进行购买
