2020-03-12 17:31:34,055 INFO: 当前是V3版本
2020-03-12 17:31:34,385 INFO: 第【1】次请重新获取cookie
2020-03-12 17:32:30,923 INFO: 当前是V3版本
2020-03-12 17:32:31,322 INFO: 登录成功
2020-03-12 17:32:31,656 INFO: 登录账号名称梦影指尖
2020-03-12 17:32:32,319 INFO: 清空购物车
2020-03-12 17:32:32,864 INFO: 100006394713  已成功加入购物车
2020-03-12 17:32:32,866 INFO: 第1次 
2020-03-12 17:32:33,030 INFO: 检测[1]个口罩有货，[0]个口罩无货，[0]个口罩下柜，耗时[164]ms
2020-03-12 17:32:33,033 INFO: [100006394713]类型口罩有货啦!马上下单
2020-03-12 17:32:35,262 INFO: 第2次 
2020-03-12 17:32:35,946 INFO: 检测[1]个口罩有货，[0]个口罩无货，[0]个口罩下柜，耗时[683]ms
2020-03-12 17:32:35,948 INFO: [100006394713]类型口罩有货啦!马上下单
2020-03-12 19:47:17,653 INFO: 当前是V3版本
2020-03-12 19:47:18,625 INFO: 登录成功
2020-03-12 19:47:18,938 INFO: 登录账号名称梦影指尖
2020-03-12 19:47:19,663 INFO: 清空购物车
2020-03-12 19:47:20,528 INFO: 100006394713  已成功加入购物车
2020-03-12 19:47:20,530 INFO: 第1次 
2020-03-12 19:47:20,818 INFO: 检测[1]个口罩有货，[0]个口罩无货，[0]个口罩下柜，耗时[288]ms
2020-03-12 19:47:20,821 INFO: [100006394713]类型口罩有货啦!马上下单
2020-03-12 19:47:23,438 INFO: 第2次 
2020-03-12 19:47:23,715 INFO: 检测[1]个口罩有货，[0]个口罩无货，[0]个口罩下柜，耗时[276]ms
2020-03-12 19:47:23,720 INFO: [100006394713]类型口罩有货啦!马上下单
2020-03-12 19:56:52,410 INFO: 当前是V3版本
2020-03-12 19:56:54,434 INFO: 登录成功
2020-03-12 19:56:54,771 INFO: 登录账号名称梦影指尖
2020-03-12 19:56:55,359 INFO: 清空购物车
2020-03-12 19:56:56,737 ERROR: 100006394713 添加到购物车失败
2020-03-12 19:56:56,740 INFO: 第1次 
2020-03-12 19:56:57,095 INFO: 检测[1]个口罩有货，[0]个口罩无货，[0]个口罩下柜，耗时[355]ms
2020-03-12 19:56:57,097 INFO: [100006394713]类型口罩有货啦!马上下单
2020-03-12 19:59:23,126 INFO: 当前是V3版本
2020-03-12 19:59:24,053 INFO: 登录成功
2020-03-12 19:59:25,621 INFO: 登录账号名称梦影指尖
2020-03-12 19:59:26,788 INFO: 清空购物车
2020-03-12 19:59:27,909 ERROR: 100006394713 添加到购物车失败
2020-03-12 19:59:27,911 INFO: 第1次 
2020-03-12 19:59:28,183 INFO: 检测[1]个口罩有货，[0]个口罩无货，[0]个口罩下柜，耗时[272]ms
2020-03-12 19:59:28,186 INFO: [100006394713]类型口罩有货啦!马上下单
2020-03-12 19:59:30,680 INFO: 第2次 
2020-03-12 19:59:30,914 INFO: 检测[1]个口罩有货，[0]个口罩无货，[0]个口罩下柜，耗时[233]ms
2020-03-12 19:59:30,916 INFO: [100006394713]类型口罩有货啦!马上下单
2020-03-12 19:59:54,591 INFO: 当前是V3版本
2020-03-12 19:59:55,260 INFO: 登录成功
2020-03-12 19:59:55,561 INFO: 登录账号名称梦影指尖
2020-03-12 19:59:56,291 INFO: 清空购物车
2020-03-12 19:59:57,659 ERROR: 100006394713 添加到购物车失败
2020-03-12 19:59:57,661 INFO: 第1次 
2020-03-12 19:59:58,072 INFO: 检测[1]个口罩有货，[0]个口罩无货，[0]个口罩下柜，耗时[411]ms
2020-03-12 19:59:58,074 INFO: [100006394713]类型口罩有货啦!马上下单
2020-03-12 20:00:00,884 INFO: 第2次 
2020-03-12 20:00:01,231 INFO: 检测[1]个口罩有货，[0]个口罩无货，[0]个口罩下柜，耗时[344]ms
2020-03-12 20:00:01,233 INFO: [100006394713]类型口罩有货啦!马上下单
2020-03-12 20:00:09,619 INFO: 第3次 
2020-03-12 20:00:09,922 INFO: 检测[1]个口罩有货，[0]个口罩无货，[0]个口罩下柜，耗时[300]ms
2020-03-12 20:00:09,924 INFO: [100006394713]类型口罩有货啦!马上下单
2020-03-12 20:00:12,177 INFO: 第4次 
2020-03-12 20:00:12,415 INFO: 检测[1]个口罩有货，[0]个口罩无货，[0]个口罩下柜，耗时[236]ms
2020-03-12 20:00:12,420 INFO: [100006394713]类型口罩有货啦!马上下单
2020-03-12 20:00:14,639 INFO: 第5次 
2020-03-12 20:00:14,970 INFO: 检测[1]个口罩有货，[0]个口罩无货，[0]个口罩下柜，耗时[330]ms
2020-03-12 20:00:14,973 INFO: [100006394713]类型口罩有货啦!马上下单
2020-03-12 20:00:16,883 INFO: 第6次 
2020-03-12 20:00:17,126 INFO: 检测[1]个口罩有货，[0]个口罩无货，[0]个口罩下柜，耗时[242]ms
2020-03-12 20:00:17,128 INFO: [100006394713]类型口罩有货啦!马上下单
2020-03-12 20:00:19,346 INFO: 第7次 
2020-03-12 20:00:19,604 INFO: 检测[1]个口罩有货，[0]个口罩无货，[0]个口罩下柜，耗时[257]ms
2020-03-12 20:00:19,607 INFO: [100006394713]类型口罩有货啦!马上下单
2020-03-12 20:00:21,866 INFO: 第8次 
2020-03-12 20:00:22,137 INFO: 检测[1]个口罩有货，[0]个口罩无货，[0]个口罩下柜，耗时[269]ms
2020-03-12 20:00:22,140 INFO: [100006394713]类型口罩有货啦!马上下单
2020-03-12 20:00:24,886 INFO: 第9次 
2020-03-12 20:00:25,157 INFO: 检测[1]个口罩有货，[0]个口罩无货，[0]个口罩下柜，耗时[270]ms
2020-03-12 20:00:25,158 INFO: [100006394713]类型口罩有货啦!马上下单
2020-03-12 20:00:27,476 INFO: 第10次 
2020-03-12 20:00:27,740 INFO: 检测[1]个口罩有货，[0]个口罩无货，[0]个口罩下柜，耗时[262]ms
2020-03-12 20:00:27,744 INFO: [100006394713]类型口罩有货啦!马上下单
2020-03-12 20:00:30,510 INFO: 第11次 
2020-03-12 20:00:30,914 INFO: 检测[1]个口罩有货，[0]个口罩无货，[0]个口罩下柜，耗时[403]ms
2020-03-12 20:00:30,920 INFO: [100006394713]类型口罩有货啦!马上下单
2020-03-12 20:00:35,516 INFO: 第12次 
2020-03-12 20:00:35,798 INFO: 检测[1]个口罩有货，[0]个口罩无货，[0]个口罩下柜，耗时[281]ms
2020-03-12 20:00:35,801 INFO: [100006394713]类型口罩有货啦!马上下单
2020-03-12 20:00:39,588 INFO: 第13次 
2020-03-12 20:00:39,863 INFO: 检测[1]个口罩有货，[0]个口罩无货，[0]个口罩下柜，耗时[273]ms
2020-03-12 20:00:39,867 INFO: [100006394713]类型口罩有货啦!马上下单
2020-03-12 20:00:42,921 INFO: 第14次 
2020-03-12 20:00:43,174 INFO: 检测[1]个口罩有货，[0]个口罩无货，[0]个口罩下柜，耗时[251]ms
2020-03-12 20:00:43,178 INFO: [100006394713]类型口罩有货啦!马上下单
2020-03-12 20:00:47,813 INFO: 第15次 
2020-03-12 20:00:48,085 INFO: 检测[1]个口罩有货，[0]个口罩无货，[0]个口罩下柜，耗时[271]ms
2020-03-12 20:00:48,087 INFO: [100006394713]类型口罩有货啦!马上下单
2020-03-12 20:00:51,200 INFO: 第16次 
2020-03-12 20:00:51,433 INFO: 检测[1]个口罩有货，[0]个口罩无货，[0]个口罩下柜，耗时[232]ms
2020-03-12 20:00:51,436 INFO: [100006394713]类型口罩有货啦!马上下单
2020-03-12 20:00:53,660 INFO: 第17次 
2020-03-12 20:00:53,932 INFO: 检测[1]个口罩有货，[0]个口罩无货，[0]个口罩下柜，耗时[271]ms
2020-03-12 20:00:53,935 INFO: [100006394713]类型口罩有货啦!马上下单
2020-03-12 20:00:56,568 INFO: 第18次 
2020-03-12 20:00:57,026 INFO: 检测[1]个口罩有货，[0]个口罩无货，[0]个口罩下柜，耗时[457]ms
2020-03-12 20:00:57,026 INFO: [100006394713]类型口罩有货啦!马上下单
2020-03-12 20:01:01,065 INFO: 第19次 
2020-03-12 20:01:01,319 INFO: 检测[1]个口罩有货，[0]个口罩无货，[0]个口罩下柜，耗时[253]ms
2020-03-12 20:01:01,321 INFO: [100006394713]类型口罩有货啦!马上下单
2020-03-12 20:04:09,409 INFO: 当前是V3版本
2020-03-12 20:04:09,417 INFO: 第【1】次请重新获取cookie
2020-03-12 20:05:29,564 INFO: 当前是V3版本
2020-03-12 20:05:30,065 INFO: 登录成功
2020-03-12 20:05:30,268 INFO: 登录账号名称梦影指尖
2020-03-12 20:05:30,542 INFO: 清空购物车
2020-03-12 20:05:30,739 INFO: 34145991482  已成功加入购物车
2020-03-12 20:05:30,740 INFO: 第1次 
2020-03-12 20:05:30,908 INFO: 检测[1]个口罩有货，[0]个口罩无货，[0]个口罩下柜，耗时[168]ms
2020-03-12 20:05:30,910 INFO: [34145991482]类型口罩有货啦!马上下单
2020-03-12 20:05:31,704 INFO: 下单信息：{'address': '广东 佛山市 南海区 里水镇  里水镇州村市场真实惠超市门口', 'receiver': '吴华超 186****1226', 'total_price': '79.00', 'items': []}
2020-03-12 20:05:31,721 INFO: 第[1/3]次尝试提交订单
2020-03-12 20:05:31,893 INFO: 本次提交订单耗时[983]毫秒
2020-03-12 20:05:31,895 INFO: 订单提交成功! 订单号：114801158189
2020-03-18 11:45:27,478 INFO: 当前是V3版本
2020-03-18 11:45:27,950 INFO: 第【1】次请重新获取cookie
2020-03-18 11:45:33,180 INFO: 第【2】次请重新获取cookie
2020-03-18 12:03:15,374 INFO: 当前是V3版本
2020-03-18 12:03:15,991 INFO: 第【1】次请重新获取cookie
2020-03-18 12:03:21,258 INFO: 第【2】次请重新获取cookie
2020-03-18 12:07:35,001 INFO: 当前是V3版本
2020-03-18 12:07:35,507 INFO: 第【1】次请重新获取cookie
2020-03-18 12:12:56,276 INFO: 当前是V3版本
2020-03-18 12:12:56,506 INFO: 第【1】次请重新获取cookie
2020-03-18 12:13:21,491 INFO: 当前是V3版本
2020-03-18 12:13:21,916 INFO: 登录成功
2020-03-18 12:13:22,099 INFO: 登录账号名称梦影指尖
2020-03-18 12:13:22,381 INFO: 清空购物车
2020-03-18 12:13:22,567 INFO: 34145991482  已成功加入购物车
2020-03-18 12:13:22,569 INFO: 第1次 
2020-03-18 12:13:22,729 INFO: 检测[1]个口罩有货，[0]个口罩无货，[0]个口罩下柜，耗时[160]ms
2020-03-18 12:13:22,736 INFO: [34145991482]类型口罩有货啦!马上下单
2020-03-18 12:13:23,537 INFO: 下单信息：{'address': '广东 佛山市 南海区 里水镇  里水镇州村市场真实惠超市门口', 'receiver': '吴华超 186****1226', 'total_price': '79.00', 'items': []}
2020-03-18 12:13:23,558 INFO: 第[1/3]次尝试提交订单
2020-03-18 12:13:23,711 INFO: 本次提交订单耗时[975]毫秒
2020-03-18 12:13:23,716 INFO: 订单提交成功! 订单号：111301841759
2020-03-18 19:44:22,787 INFO: 当前是V3版本
2020-03-18 19:44:23,342 INFO: 登录成功
2020-03-18 19:44:23,576 INFO: 登录账号名称梦影指尖
2020-03-18 19:44:23,900 INFO: 清空购物车
2020-03-18 19:44:24,102 INFO: 34145991482  已成功加入购物车
2020-03-18 19:44:24,104 INFO: 第1次 
2020-03-18 19:44:24,295 INFO: 检测[1]个口罩有货，[0]个口罩无货，[0]个口罩下柜，耗时[191]ms
2020-03-18 19:44:24,300 INFO: [34145991482]类型口罩有货啦!马上下单
2020-03-18 19:59:29,058 INFO: 当前是V3版本
2020-03-18 19:59:29,508 INFO: 登录成功
2020-03-18 19:59:29,733 INFO: 登录账号名称梦影指尖
2020-03-18 19:59:30,080 INFO: 清空购物车
2020-03-18 19:59:30,241 INFO: 34145991482  已成功加入购物车
2020-03-18 19:59:30,242 INFO: 第1次 
2020-03-18 19:59:30,432 INFO: 检测[1]个口罩有货，[0]个口罩无货，[0]个口罩下柜，耗时[184]ms
2020-03-18 19:59:30,441 INFO: [34145991482]类型口罩有货啦!马上下单
2020-03-18 19:59:32,073 INFO: 下单信息：{'address': '广东 佛山市 南海区 里水镇  里水镇州村市场真实惠超市门口', 'receiver': '吴华超 186****1226', 'total_price': '79.00', 'items': []}
2020-03-18 19:59:32,082 INFO: 第[1/3]次尝试提交订单
2020-03-18 19:59:32,231 INFO: 本次提交订单耗时[1790]毫秒
2020-03-18 19:59:32,233 INFO: 订单提交成功! 订单号：115281051330
