f:\vs\myproject\debug\vc142.pdb
f:\vs\myproject\debug\vc142.idb
f:\vs\myproject\debug\myprojet.obj
f:\vs\myproject\debug\banker_algorithm.ilk
f:\vs\myproject\debug\fcfs.ilk
f:\vs\myproject\debug\fcfs_spf.ilk
f:\vs\myproject\debug\icon.ilk
f:\vs\myproject\debug\opt.ilk
f:\vs\myproject\debug\spf_algorithm.ilk
f:\vs\myproject\debug\banker_algorithm.pdb
f:\vs\myproject\debug\fcfs.pdb
f:\vs\myproject\debug\fcfs_algorithm.pdb
f:\vs\myproject\debug\fcfs_spf.pdb
f:\vs\myproject\debug\icon.pdb
f:\vs\myproject\debug\myprojet.pdb
f:\vs\myproject\debug\opt.pdb
f:\vs\myproject\debug\spf_algorithm.pdb
f:\vs\myproject\debug\myprojet.tlog\cl.command.1.tlog
f:\vs\myproject\debug\myprojet.tlog\cl.read.1.tlog
f:\vs\myproject\debug\myprojet.tlog\cl.write.1.tlog
f:\vs\myproject\debug\myprojet.tlog\link.22976-cvtres.read.1.tlog
f:\vs\myproject\debug\myprojet.tlog\link.22976-cvtres.write.1.tlog
f:\vs\myproject\debug\myprojet.tlog\link.22976-rc.read.1.tlog
f:\vs\myproject\debug\myprojet.tlog\link.22976-rc.write.1.tlog
f:\vs\myproject\debug\myprojet.tlog\link.22976.read.1.tlog
f:\vs\myproject\debug\myprojet.tlog\link.22976.write.1.tlog
f:\vs\myproject\debug\myprojet.tlog\link.command.1.tlog
f:\vs\myproject\debug\myprojet.tlog\link.read.1.tlog
f:\vs\myproject\debug\myprojet.tlog\link.write.1.tlog
